<?xml version="1.0" encoding="UTF-8"?>
<testng-results skipped="0" failed="0" ignored="0" total="1" passed="1">
  <reporter-output>
  </reporter-output>
  <suite name="Default suite" duration-ms="9253" started-at="2019-12-15T04:53:46Z" finished-at="2019-12-15T04:53:55Z">
    <groups>
    </groups>
    <test name="Default test" duration-ms="9253" started-at="2019-12-15T04:53:46Z" finished-at="2019-12-15T04:53:55Z">
      <class name="TestCase.RedBusTestCase">
        <test-method status="PASS" signature="initiateStuff()[pri:0, instance:TestCase.RedBusTestCase@4c70fda8]" name="initiateStuff" is-config="true" duration-ms="9222" started-at="2019-12-15T04:53:46Z" finished-at="2019-12-15T04:53:55Z">
          <reporter-output>
          </reporter-output>
        </test-method> <!-- initiateStuff -->
        <test-method status="PASS" signature="searchRedBus()[pri:0, instance:TestCase.RedBusTestCase@4c70fda8]" name="searchRedBus" duration-ms="9" started-at="2019-12-15T04:53:55Z" finished-at="2019-12-15T04:53:55Z">
          <reporter-output>
          </reporter-output>
        </test-method> <!-- searchRedBus -->
      </class> <!-- TestCase.RedBusTestCase -->
    </test> <!-- Default test -->
  </suite> <!-- Default suite -->
</testng-results>
